{"/Users/andrekolber/Documents/Code_Files/Springboard_SWE/express-jobly/app.js": {"path":"/Users/andrekolber/Documents/Code_Files/Springboard_SWE/express-jobly/app.js","statementMap":{"0":{"start":{"line":5,"column":16},"end":{"line":5,"column":34}},"1":{"start":{"line":6,"column":13},"end":{"line":6,"column":28}},"2":{"start":{"line":8,"column":26},"end":{"line":8,"column":51}},"3":{"start":{"line":10,"column":28},"end":{"line":10,"column":56}},"4":{"start":{"line":11,"column":19},"end":{"line":11,"column":43}},"5":{"start":{"line":12,"column":24},"end":{"line":12,"column":53}},"6":{"start":{"line":13,"column":20},"end":{"line":13,"column":45}},"7":{"start":{"line":14,"column":19},"end":{"line":14,"column":43}},"8":{"start":{"line":16,"column":15},"end":{"line":16,"column":32}},"9":{"start":{"line":18,"column":12},"end":{"line":18,"column":21}},"10":{"start":{"line":20,"column":0},"end":{"line":20,"column":16}},"11":{"start":{"line":21,"column":0},"end":{"line":21,"column":24}},"12":{"start":{"line":22,"column":0},"end":{"line":22,"column":24}},"13":{"start":{"line":23,"column":0},"end":{"line":23,"column":25}},"14":{"start":{"line":25,"column":0},"end":{"line":25,"column":29}},"15":{"start":{"line":26,"column":0},"end":{"line":26,"column":39}},"16":{"start":{"line":27,"column":0},"end":{"line":27,"column":31}},"17":{"start":{"line":28,"column":0},"end":{"line":28,"column":29}},"18":{"start":{"line":31,"column":0},"end":{"line":33,"column":3}},"19":{"start":{"line":32,"column":1},"end":{"line":32,"column":34}},"20":{"start":{"line":36,"column":0},"end":{"line":44,"column":3}},"21":{"start":{"line":37,"column":1},"end":{"line":37,"column":63}},"22":{"start":{"line":37,"column":38},"end":{"line":37,"column":63}},"23":{"start":{"line":38,"column":16},"end":{"line":38,"column":33}},"24":{"start":{"line":39,"column":17},"end":{"line":39,"column":28}},"25":{"start":{"line":41,"column":1},"end":{"line":43,"column":4}},"26":{"start":{"line":46,"column":0},"end":{"line":46,"column":21}}},"fnMap":{"0":{"name":"(anonymous_0)","decl":{"start":{"line":31,"column":8},"end":{"line":31,"column":9}},"loc":{"start":{"line":31,"column":33},"end":{"line":33,"column":1}},"line":31},"1":{"name":"(anonymous_1)","decl":{"start":{"line":36,"column":8},"end":{"line":36,"column":9}},"loc":{"start":{"line":36,"column":38},"end":{"line":44,"column":1}},"line":36}},"branchMap":{"0":{"loc":{"start":{"line":37,"column":1},"end":{"line":37,"column":63}},"type":"if","locations":[{"start":{"line":37,"column":1},"end":{"line":37,"column":63}},{"start":{},"end":{}}],"line":37},"1":{"loc":{"start":{"line":38,"column":16},"end":{"line":38,"column":33}},"type":"binary-expr","locations":[{"start":{"line":38,"column":16},"end":{"line":38,"column":26}},{"start":{"line":38,"column":30},"end":{"line":38,"column":33}}],"line":38}},"s":{"0":5,"1":5,"2":5,"3":5,"4":5,"5":5,"6":5,"7":5,"8":5,"9":5,"10":5,"11":5,"12":5,"13":5,"14":5,"15":5,"16":5,"17":5,"18":5,"19":2,"20":5,"21":54,"22":1,"23":54,"24":54,"25":54,"26":5},"f":{"0":2,"1":54},"b":{"0":[1,53],"1":[54,2]},"_coverageSchema":"1a1c01bbd47fc00a2c39e90264f33305004495a9","hash":"059e42579700d3b2758c4e03de561de14702e061"}
,"/Users/andrekolber/Documents/Code_Files/Springboard_SWE/express-jobly/config.js": {"path":"/Users/andrekolber/Documents/Code_Files/Springboard_SWE/express-jobly/config.js","statementMap":{"0":{"start":{"line":5,"column":0},"end":{"line":5,"column":27}},"1":{"start":{"line":6,"column":0},"end":{"line":6,"column":18}},"2":{"start":{"line":8,"column":19},"end":{"line":8,"column":57}},"3":{"start":{"line":10,"column":13},"end":{"line":10,"column":38}},"4":{"start":{"line":14,"column":2},"end":{"line":16,"column":44}},"5":{"start":{"line":22,"column":27},"end":{"line":22,"column":67}},"6":{"start":{"line":24,"column":0},"end":{"line":24,"column":35}},"7":{"start":{"line":25,"column":0},"end":{"line":25,"column":46}},"8":{"start":{"line":26,"column":0},"end":{"line":26,"column":45}},"9":{"start":{"line":27,"column":0},"end":{"line":27,"column":61}},"10":{"start":{"line":28,"column":0},"end":{"line":28,"column":50}},"11":{"start":{"line":29,"column":0},"end":{"line":29,"column":19}},"12":{"start":{"line":31,"column":0},"end":{"line":36,"column":2}}},"fnMap":{"0":{"name":"getDatabaseUri","decl":{"start":{"line":13,"column":9},"end":{"line":13,"column":23}},"loc":{"start":{"line":13,"column":26},"end":{"line":17,"column":1}},"line":13}},"branchMap":{"0":{"loc":{"start":{"line":8,"column":19},"end":{"line":8,"column":57}},"type":"binary-expr","locations":[{"start":{"line":8,"column":19},"end":{"line":8,"column":41}},{"start":{"line":8,"column":45},"end":{"line":8,"column":57}}],"line":8},"1":{"loc":{"start":{"line":10,"column":13},"end":{"line":10,"column":38}},"type":"binary-expr","locations":[{"start":{"line":10,"column":13},"end":{"line":10,"column":30}},{"start":{"line":10,"column":34},"end":{"line":10,"column":38}}],"line":10},"2":{"loc":{"start":{"line":14,"column":9},"end":{"line":16,"column":43}},"type":"cond-expr","locations":[{"start":{"line":15,"column":8},"end":{"line":15,"column":20}},{"start":{"line":16,"column":8},"end":{"line":16,"column":43}}],"line":14},"3":{"loc":{"start":{"line":16,"column":8},"end":{"line":16,"column":43}},"type":"binary-expr","locations":[{"start":{"line":16,"column":8},"end":{"line":16,"column":32}},{"start":{"line":16,"column":36},"end":{"line":16,"column":43}}],"line":16},"4":{"loc":{"start":{"line":22,"column":27},"end":{"line":22,"column":67}},"type":"cond-expr","locations":[{"start":{"line":22,"column":61},"end":{"line":22,"column":62}},{"start":{"line":22,"column":65},"end":{"line":22,"column":67}}],"line":22}},"s":{"0":11,"1":11,"2":11,"3":11,"4":22,"5":11,"6":11,"7":11,"8":11,"9":11,"10":11,"11":11,"12":11},"f":{"0":22},"b":{"0":[11,10],"1":[11,10],"2":[19,3],"3":[3,1],"4":[10,1]},"_coverageSchema":"1a1c01bbd47fc00a2c39e90264f33305004495a9","hash":"f6dec32f615539636f2e544db10e76f9d144cef9"}
,"/Users/andrekolber/Documents/Code_Files/Springboard_SWE/express-jobly/db.js": {"path":"/Users/andrekolber/Documents/Code_Files/Springboard_SWE/express-jobly/db.js","statementMap":{"0":{"start":{"line":3,"column":19},"end":{"line":3,"column":32}},"1":{"start":{"line":4,"column":27},"end":{"line":4,"column":46}},"2":{"start":{"line":8,"column":0},"end":{"line":19,"column":1}},"3":{"start":{"line":9,"column":2},"end":{"line":14,"column":5}},"4":{"start":{"line":16,"column":2},"end":{"line":18,"column":5}},"5":{"start":{"line":21,"column":0},"end":{"line":21,"column":13}},"6":{"start":{"line":23,"column":0},"end":{"line":23,"column":20}}},"fnMap":{},"branchMap":{"0":{"loc":{"start":{"line":8,"column":0},"end":{"line":19,"column":1}},"type":"if","locations":[{"start":{"line":8,"column":0},"end":{"line":19,"column":1}},{"start":{"line":15,"column":7},"end":{"line":19,"column":1}}],"line":8}},"s":{"0":8,"1":8,"2":8,"3":0,"4":8,"5":8,"6":8},"f":{},"b":{"0":[0,8]},"_coverageSchema":"1a1c01bbd47fc00a2c39e90264f33305004495a9","hash":"87aa8bcbef3346cf824b18d7450b14b7876a4ed4"}
,"/Users/andrekolber/Documents/Code_Files/Springboard_SWE/express-jobly/expressError.js": {"path":"/Users/andrekolber/Documents/Code_Files/Springboard_SWE/express-jobly/expressError.js","statementMap":{"0":{"start":{"line":9,"column":4},"end":{"line":9,"column":12}},"1":{"start":{"line":10,"column":4},"end":{"line":10,"column":27}},"2":{"start":{"line":11,"column":4},"end":{"line":11,"column":25}},"3":{"start":{"line":19,"column":4},"end":{"line":19,"column":24}},"4":{"start":{"line":27,"column":4},"end":{"line":27,"column":24}},"5":{"start":{"line":35,"column":4},"end":{"line":35,"column":24}},"6":{"start":{"line":43,"column":4},"end":{"line":43,"column":24}},"7":{"start":{"line":47,"column":0},"end":{"line":53,"column":2}}},"fnMap":{"0":{"name":"(anonymous_0)","decl":{"start":{"line":8,"column":2},"end":{"line":8,"column":3}},"loc":{"start":{"line":8,"column":31},"end":{"line":12,"column":3}},"line":8},"1":{"name":"(anonymous_1)","decl":{"start":{"line":18,"column":2},"end":{"line":18,"column":3}},"loc":{"start":{"line":18,"column":37},"end":{"line":20,"column":3}},"line":18},"2":{"name":"(anonymous_2)","decl":{"start":{"line":26,"column":2},"end":{"line":26,"column":3}},"loc":{"start":{"line":26,"column":40},"end":{"line":28,"column":3}},"line":26},"3":{"name":"(anonymous_3)","decl":{"start":{"line":34,"column":2},"end":{"line":34,"column":3}},"loc":{"start":{"line":34,"column":39},"end":{"line":36,"column":3}},"line":34},"4":{"name":"(anonymous_4)","decl":{"start":{"line":42,"column":2},"end":{"line":42,"column":3}},"loc":{"start":{"line":42,"column":39},"end":{"line":44,"column":3}},"line":42}},"branchMap":{"0":{"loc":{"start":{"line":18,"column":14},"end":{"line":18,"column":35}},"type":"default-arg","locations":[{"start":{"line":18,"column":24},"end":{"line":18,"column":35}}],"line":18},"1":{"loc":{"start":{"line":26,"column":14},"end":{"line":26,"column":38}},"type":"default-arg","locations":[{"start":{"line":26,"column":24},"end":{"line":26,"column":38}}],"line":26},"2":{"loc":{"start":{"line":34,"column":14},"end":{"line":34,"column":37}},"type":"default-arg","locations":[{"start":{"line":34,"column":24},"end":{"line":34,"column":37}}],"line":34},"3":{"loc":{"start":{"line":42,"column":14},"end":{"line":42,"column":37}},"type":"default-arg","locations":[{"start":{"line":42,"column":24},"end":{"line":42,"column":37}}],"line":42}},"s":{"0":77,"1":77,"2":77,"3":24,"4":29,"5":24,"6":0,"7":10},"f":{"0":77,"1":24,"2":29,"3":24,"4":0},"b":{"0":[2],"1":[25],"2":[0],"3":[0]},"_coverageSchema":"1a1c01bbd47fc00a2c39e90264f33305004495a9","hash":"a32b6825ab91079cb7a970812bc1f01d7c21aa7a"}
,"/Users/andrekolber/Documents/Code_Files/Springboard_SWE/express-jobly/helpers/sql.js": {"path":"/Users/andrekolber/Documents/Code_Files/Springboard_SWE/express-jobly/helpers/sql.js","statementMap":{"0":{"start":{"line":1,"column":28},"end":{"line":1,"column":54}},"1":{"start":{"line":17,"column":14},"end":{"line":17,"column":39}},"2":{"start":{"line":18,"column":1},"end":{"line":18,"column":61}},"3":{"start":{"line":18,"column":24},"end":{"line":18,"column":61}},"4":{"start":{"line":21,"column":14},"end":{"line":21,"column":88}},"5":{"start":{"line":21,"column":41},"end":{"line":21,"column":87}},"6":{"start":{"line":23,"column":1},"end":{"line":26,"column":3}},"7":{"start":{"line":29,"column":0},"end":{"line":29,"column":41}}},"fnMap":{"0":{"name":"sqlForPartialUpdate","decl":{"start":{"line":16,"column":9},"end":{"line":16,"column":28}},"loc":{"start":{"line":16,"column":52},"end":{"line":27,"column":1}},"line":16},"1":{"name":"(anonymous_1)","decl":{"start":{"line":21,"column":23},"end":{"line":21,"column":24}},"loc":{"start":{"line":21,"column":41},"end":{"line":21,"column":87}},"line":21}},"branchMap":{"0":{"loc":{"start":{"line":18,"column":1},"end":{"line":18,"column":61}},"type":"if","locations":[{"start":{"line":18,"column":1},"end":{"line":18,"column":61}},{"start":{},"end":{}}],"line":18},"1":{"loc":{"start":{"line":21,"column":45},"end":{"line":21,"column":72}},"type":"binary-expr","locations":[{"start":{"line":21,"column":45},"end":{"line":21,"column":61}},{"start":{"line":21,"column":65},"end":{"line":21,"column":72}}],"line":21}},"s":{"0":9,"1":20,"2":20,"3":4,"4":16,"5":33,"6":16,"7":9},"f":{"0":20,"1":33},"b":{"0":[4,16],"1":[33,18]},"_coverageSchema":"1a1c01bbd47fc00a2c39e90264f33305004495a9","hash":"7d4948ad532bc6aa85522f9ec78395c48534f065"}
,"/Users/andrekolber/Documents/Code_Files/Springboard_SWE/express-jobly/helpers/tokens.js": {"path":"/Users/andrekolber/Documents/Code_Files/Springboard_SWE/express-jobly/helpers/tokens.js","statementMap":{"0":{"start":{"line":1,"column":12},"end":{"line":1,"column":35}},"1":{"start":{"line":2,"column":23},"end":{"line":2,"column":43}},"2":{"start":{"line":7,"column":2},"end":{"line":8,"column":58}},"3":{"start":{"line":10,"column":16},"end":{"line":13,"column":3}},"4":{"start":{"line":15,"column":2},"end":{"line":15,"column":39}},"5":{"start":{"line":18,"column":0},"end":{"line":18,"column":33}}},"fnMap":{"0":{"name":"createToken","decl":{"start":{"line":6,"column":9},"end":{"line":6,"column":20}},"loc":{"start":{"line":6,"column":27},"end":{"line":16,"column":1}},"line":6}},"branchMap":{"0":{"loc":{"start":{"line":12,"column":13},"end":{"line":12,"column":34}},"type":"binary-expr","locations":[{"start":{"line":12,"column":13},"end":{"line":12,"column":25}},{"start":{"line":12,"column":29},"end":{"line":12,"column":34}}],"line":12}},"s":{"0":6,"1":6,"2":19,"3":19,"4":19,"5":6},"f":{"0":19},"b":{"0":[19,13]},"_coverageSchema":"1a1c01bbd47fc00a2c39e90264f33305004495a9","hash":"590c149efaf5c4d51703cf5583b17fc67d39ddb4"}
,"/Users/andrekolber/Documents/Code_Files/Springboard_SWE/express-jobly/middleware/auth.js": {"path":"/Users/andrekolber/Documents/Code_Files/Springboard_SWE/express-jobly/middleware/auth.js","statementMap":{"0":{"start":{"line":5,"column":12},"end":{"line":5,"column":35}},"1":{"start":{"line":6,"column":23},"end":{"line":6,"column":43}},"2":{"start":{"line":7,"column":30},"end":{"line":7,"column":56}},"3":{"start":{"line":18,"column":1},"end":{"line":27,"column":2}},"4":{"start":{"line":19,"column":21},"end":{"line":19,"column":61}},"5":{"start":{"line":20,"column":2},"end":{"line":23,"column":3}},"6":{"start":{"line":21,"column":17},"end":{"line":21,"column":61}},"7":{"start":{"line":22,"column":3},"end":{"line":22,"column":51}},"8":{"start":{"line":24,"column":2},"end":{"line":24,"column":16}},"9":{"start":{"line":26,"column":2},"end":{"line":26,"column":16}},"10":{"start":{"line":36,"column":1},"end":{"line":41,"column":2}},"11":{"start":{"line":37,"column":2},"end":{"line":37,"column":54}},"12":{"start":{"line":37,"column":24},"end":{"line":37,"column":54}},"13":{"start":{"line":38,"column":2},"end":{"line":38,"column":16}},"14":{"start":{"line":40,"column":2},"end":{"line":40,"column":19}},"15":{"start":{"line":50,"column":1},"end":{"line":57,"column":2}},"16":{"start":{"line":51,"column":2},"end":{"line":53,"column":3}},"17":{"start":{"line":52,"column":3},"end":{"line":52,"column":33}},"18":{"start":{"line":54,"column":2},"end":{"line":54,"column":16}},"19":{"start":{"line":56,"column":2},"end":{"line":56,"column":19}},"20":{"start":{"line":67,"column":1},"end":{"line":75,"column":2}},"21":{"start":{"line":68,"column":15},"end":{"line":68,"column":30}},"22":{"start":{"line":69,"column":2},"end":{"line":71,"column":3}},"23":{"start":{"line":70,"column":3},"end":{"line":70,"column":33}},"24":{"start":{"line":72,"column":2},"end":{"line":72,"column":16}},"25":{"start":{"line":74,"column":2},"end":{"line":74,"column":19}},"26":{"start":{"line":78,"column":0},"end":{"line":83,"column":2}}},"fnMap":{"0":{"name":"authenticateJWT","decl":{"start":{"line":17,"column":9},"end":{"line":17,"column":24}},"loc":{"start":{"line":17,"column":41},"end":{"line":28,"column":1}},"line":17},"1":{"name":"ensureLoggedIn","decl":{"start":{"line":35,"column":9},"end":{"line":35,"column":23}},"loc":{"start":{"line":35,"column":40},"end":{"line":42,"column":1}},"line":35},"2":{"name":"ensureAdmin","decl":{"start":{"line":49,"column":9},"end":{"line":49,"column":20}},"loc":{"start":{"line":49,"column":37},"end":{"line":58,"column":1}},"line":49},"3":{"name":"ensureCorrectUserOrAdmin","decl":{"start":{"line":66,"column":9},"end":{"line":66,"column":33}},"loc":{"start":{"line":66,"column":50},"end":{"line":76,"column":1}},"line":66}},"branchMap":{"0":{"loc":{"start":{"line":19,"column":21},"end":{"line":19,"column":61}},"type":"binary-expr","locations":[{"start":{"line":19,"column":21},"end":{"line":19,"column":32}},{"start":{"line":19,"column":36},"end":{"line":19,"column":61}}],"line":19},"1":{"loc":{"start":{"line":20,"column":2},"end":{"line":23,"column":3}},"type":"if","locations":[{"start":{"line":20,"column":2},"end":{"line":23,"column":3}},{"start":{},"end":{}}],"line":20},"2":{"loc":{"start":{"line":37,"column":2},"end":{"line":37,"column":54}},"type":"if","locations":[{"start":{"line":37,"column":2},"end":{"line":37,"column":54}},{"start":{},"end":{}}],"line":37},"3":{"loc":{"start":{"line":51,"column":2},"end":{"line":53,"column":3}},"type":"if","locations":[{"start":{"line":51,"column":2},"end":{"line":53,"column":3}},{"start":{},"end":{}}],"line":51},"4":{"loc":{"start":{"line":51,"column":6},"end":{"line":51,"column":50}},"type":"binary-expr","locations":[{"start":{"line":51,"column":6},"end":{"line":51,"column":22}},{"start":{"line":51,"column":26},"end":{"line":51,"column":50}}],"line":51},"5":{"loc":{"start":{"line":69,"column":2},"end":{"line":71,"column":3}},"type":"if","locations":[{"start":{"line":69,"column":2},"end":{"line":71,"column":3}},{"start":{},"end":{}}],"line":69},"6":{"loc":{"start":{"line":69,"column":8},"end":{"line":69,"column":71}},"type":"binary-expr","locations":[{"start":{"line":69,"column":8},"end":{"line":69,"column":12}},{"start":{"line":69,"column":17},"end":{"line":69,"column":29}},{"start":{"line":69,"column":33},"end":{"line":69,"column":70}}],"line":69}},"s":{"0":6,"1":6,"2":6,"3":86,"4":86,"5":86,"6":55,"7":55,"8":85,"9":1,"10":2,"11":2,"12":1,"13":1,"14":1,"15":39,"16":39,"17":14,"18":25,"19":14,"20":28,"21":28,"22":28,"23":10,"24":18,"25":10,"26":6},"f":{"0":86,"1":2,"2":39,"3":28},"b":{"0":[86,85],"1":[55,31],"2":[1,1],"3":[14,25],"4":[39,34],"5":[10,18],"6":[28,23,10]},"_coverageSchema":"1a1c01bbd47fc00a2c39e90264f33305004495a9","hash":"77e7decfbf35fcb9059fa7078780b0bb1f260310"}
,"/Users/andrekolber/Documents/Code_Files/Springboard_SWE/express-jobly/models/_testCommon.js": {"path":"/Users/andrekolber/Documents/Code_Files/Springboard_SWE/express-jobly/models/_testCommon.js","statementMap":{"0":{"start":{"line":1,"column":15},"end":{"line":1,"column":32}},"1":{"start":{"line":3,"column":11},"end":{"line":3,"column":30}},"2":{"start":{"line":4,"column":31},"end":{"line":4,"column":51}},"3":{"start":{"line":6,"column":19},"end":{"line":6,"column":21}},"4":{"start":{"line":10,"column":1},"end":{"line":10,"column":41}},"5":{"start":{"line":12,"column":1},"end":{"line":12,"column":37}},"6":{"start":{"line":14,"column":1},"end":{"line":18,"column":55}},"7":{"start":{"line":20,"column":21},"end":{"line":26,"column":25}},"8":{"start":{"line":27,"column":1},"end":{"line":27,"column":63}},"9":{"start":{"line":27,"column":56},"end":{"line":27,"column":60}},"10":{"start":{"line":29,"column":1},"end":{"line":40,"column":3}},"11":{"start":{"line":42,"column":1},"end":{"line":47,"column":3}},"12":{"start":{"line":51,"column":1},"end":{"line":51,"column":25}},"13":{"start":{"line":55,"column":1},"end":{"line":55,"column":28}},"14":{"start":{"line":59,"column":1},"end":{"line":59,"column":16}},"15":{"start":{"line":62,"column":0},"end":{"line":68,"column":2}}},"fnMap":{"0":{"name":"commonBeforeAll","decl":{"start":{"line":8,"column":15},"end":{"line":8,"column":30}},"loc":{"start":{"line":8,"column":33},"end":{"line":48,"column":1}},"line":8},"1":{"name":"(anonymous_1)","decl":{"start":{"line":27,"column":49},"end":{"line":27,"column":50}},"loc":{"start":{"line":27,"column":56},"end":{"line":27,"column":60}},"line":27},"2":{"name":"commonBeforeEach","decl":{"start":{"line":50,"column":15},"end":{"line":50,"column":31}},"loc":{"start":{"line":50,"column":34},"end":{"line":52,"column":1}},"line":50},"3":{"name":"commonAfterEach","decl":{"start":{"line":54,"column":15},"end":{"line":54,"column":30}},"loc":{"start":{"line":54,"column":33},"end":{"line":56,"column":1}},"line":54},"4":{"name":"commonAfterAll","decl":{"start":{"line":58,"column":15},"end":{"line":58,"column":29}},"loc":{"start":{"line":58,"column":32},"end":{"line":60,"column":1}},"line":58}},"branchMap":{},"s":{"0":3,"1":3,"2":3,"3":3,"4":3,"5":3,"6":3,"7":3,"8":3,"9":12,"10":3,"11":3,"12":48,"13":48,"14":3,"15":3},"f":{"0":3,"1":12,"2":48,"3":48,"4":3},"b":{},"_coverageSchema":"1a1c01bbd47fc00a2c39e90264f33305004495a9","hash":"54f9a5fd337913c48e090649287101d40877d564"}
,"/Users/andrekolber/Documents/Code_Files/Springboard_SWE/express-jobly/models/company.js": {"path":"/Users/andrekolber/Documents/Code_Files/Springboard_SWE/express-jobly/models/company.js","statementMap":{"0":{"start":{"line":3,"column":11},"end":{"line":3,"column":27}},"1":{"start":{"line":4,"column":43},"end":{"line":4,"column":69}},"2":{"start":{"line":5,"column":32},"end":{"line":5,"column":57}},"3":{"start":{"line":20,"column":25},"end":{"line":25,"column":3}},"4":{"start":{"line":27,"column":2},"end":{"line":27,"column":88}},"5":{"start":{"line":27,"column":30},"end":{"line":27,"column":88}},"6":{"start":{"line":29,"column":17},"end":{"line":35,"column":3}},"7":{"start":{"line":36,"column":18},"end":{"line":36,"column":32}},"8":{"start":{"line":38,"column":2},"end":{"line":38,"column":17}},"9":{"start":{"line":52,"column":14},"end":{"line":57,"column":26}},"10":{"start":{"line":58,"column":25},"end":{"line":58,"column":27}},"11":{"start":{"line":59,"column":20},"end":{"line":59,"column":22}},"12":{"start":{"line":61,"column":47},"end":{"line":61,"column":60}},"13":{"start":{"line":63,"column":2},"end":{"line":65,"column":3}},"14":{"start":{"line":64,"column":3},"end":{"line":64,"column":73}},"15":{"start":{"line":70,"column":2},"end":{"line":73,"column":3}},"16":{"start":{"line":71,"column":3},"end":{"line":71,"column":34}},"17":{"start":{"line":72,"column":3},"end":{"line":72,"column":68}},"18":{"start":{"line":75,"column":2},"end":{"line":78,"column":3}},"19":{"start":{"line":76,"column":3},"end":{"line":76,"column":34}},"20":{"start":{"line":77,"column":3},"end":{"line":77,"column":68}},"21":{"start":{"line":80,"column":2},"end":{"line":83,"column":3}},"22":{"start":{"line":81,"column":3},"end":{"line":81,"column":33}},"23":{"start":{"line":82,"column":3},"end":{"line":82,"column":62}},"24":{"start":{"line":85,"column":2},"end":{"line":87,"column":3}},"25":{"start":{"line":86,"column":3},"end":{"line":86,"column":55}},"26":{"start":{"line":91,"column":2},"end":{"line":91,"column":28}},"27":{"start":{"line":92,"column":23},"end":{"line":92,"column":57}},"28":{"start":{"line":93,"column":2},"end":{"line":93,"column":27}},"29":{"start":{"line":105,"column":21},"end":{"line":114,"column":3}},"30":{"start":{"line":116,"column":18},"end":{"line":116,"column":36}},"31":{"start":{"line":118,"column":2},"end":{"line":118,"column":65}},"32":{"start":{"line":118,"column":16},"end":{"line":118,"column":65}},"33":{"start":{"line":120,"column":2},"end":{"line":120,"column":17}},"34":{"start":{"line":136,"column":30},"end":{"line":139,"column":4}},"35":{"start":{"line":140,"column":23},"end":{"line":140,"column":48}},"36":{"start":{"line":142,"column":19},"end":{"line":149,"column":54}},"37":{"start":{"line":150,"column":17},"end":{"line":150,"column":64}},"38":{"start":{"line":151,"column":18},"end":{"line":151,"column":32}},"39":{"start":{"line":153,"column":2},"end":{"line":153,"column":65}},"40":{"start":{"line":153,"column":16},"end":{"line":153,"column":65}},"41":{"start":{"line":155,"column":2},"end":{"line":155,"column":17}},"42":{"start":{"line":164,"column":17},"end":{"line":170,"column":3}},"43":{"start":{"line":171,"column":18},"end":{"line":171,"column":32}},"44":{"start":{"line":173,"column":2},"end":{"line":173,"column":65}},"45":{"start":{"line":173,"column":16},"end":{"line":173,"column":65}},"46":{"start":{"line":177,"column":0},"end":{"line":177,"column":25}}},"fnMap":{"0":{"name":"(anonymous_0)","decl":{"start":{"line":19,"column":1},"end":{"line":19,"column":2}},"loc":{"start":{"line":19,"column":75},"end":{"line":39,"column":2}},"line":19},"1":{"name":"(anonymous_1)","decl":{"start":{"line":51,"column":1},"end":{"line":51,"column":2}},"loc":{"start":{"line":51,"column":42},"end":{"line":94,"column":2}},"line":51},"2":{"name":"(anonymous_2)","decl":{"start":{"line":104,"column":1},"end":{"line":104,"column":2}},"loc":{"start":{"line":104,"column":26},"end":{"line":121,"column":2}},"line":104},"3":{"name":"(anonymous_3)","decl":{"start":{"line":135,"column":1},"end":{"line":135,"column":2}},"loc":{"start":{"line":135,"column":35},"end":{"line":156,"column":2}},"line":135},"4":{"name":"(anonymous_4)","decl":{"start":{"line":163,"column":1},"end":{"line":163,"column":2}},"loc":{"start":{"line":163,"column":29},"end":{"line":174,"column":2}},"line":163}},"branchMap":{"0":{"loc":{"start":{"line":27,"column":2},"end":{"line":27,"column":88}},"type":"if","locations":[{"start":{"line":27,"column":2},"end":{"line":27,"column":88}},{"start":{},"end":{}}],"line":27},"1":{"loc":{"start":{"line":51,"column":22},"end":{"line":51,"column":40}},"type":"default-arg","locations":[{"start":{"line":51,"column":38},"end":{"line":51,"column":40}}],"line":51},"2":{"loc":{"start":{"line":63,"column":2},"end":{"line":65,"column":3}},"type":"if","locations":[{"start":{"line":63,"column":2},"end":{"line":65,"column":3}},{"start":{},"end":{}}],"line":63},"3":{"loc":{"start":{"line":70,"column":2},"end":{"line":73,"column":3}},"type":"if","locations":[{"start":{"line":70,"column":2},"end":{"line":73,"column":3}},{"start":{},"end":{}}],"line":70},"4":{"loc":{"start":{"line":75,"column":2},"end":{"line":78,"column":3}},"type":"if","locations":[{"start":{"line":75,"column":2},"end":{"line":78,"column":3}},{"start":{},"end":{}}],"line":75},"5":{"loc":{"start":{"line":80,"column":2},"end":{"line":83,"column":3}},"type":"if","locations":[{"start":{"line":80,"column":2},"end":{"line":83,"column":3}},{"start":{},"end":{}}],"line":80},"6":{"loc":{"start":{"line":85,"column":2},"end":{"line":87,"column":3}},"type":"if","locations":[{"start":{"line":85,"column":2},"end":{"line":87,"column":3}},{"start":{},"end":{}}],"line":85},"7":{"loc":{"start":{"line":118,"column":2},"end":{"line":118,"column":65}},"type":"if","locations":[{"start":{"line":118,"column":2},"end":{"line":118,"column":65}},{"start":{},"end":{}}],"line":118},"8":{"loc":{"start":{"line":153,"column":2},"end":{"line":153,"column":65}},"type":"if","locations":[{"start":{"line":153,"column":2},"end":{"line":153,"column":65}},{"start":{},"end":{}}],"line":153},"9":{"loc":{"start":{"line":173,"column":2},"end":{"line":173,"column":65}},"type":"if","locations":[{"start":{"line":173,"column":2},"end":{"line":173,"column":65}},{"start":{},"end":{}}],"line":173}},"s":{"0":6,"1":6,"2":6,"3":16,"4":16,"5":1,"6":15,"7":15,"8":15,"9":11,"10":11,"11":11,"12":11,"13":11,"14":1,"15":10,"16":4,"17":4,"18":10,"19":3,"20":3,"21":10,"22":3,"23":3,"24":10,"25":7,"26":10,"27":10,"28":9,"29":5,"30":5,"31":5,"32":2,"33":3,"34":6,"35":5,"36":5,"37":5,"38":5,"39":5,"40":2,"41":3,"42":4,"43":4,"44":4,"45":2,"46":6},"f":{"0":16,"1":11,"2":5,"3":6,"4":4},"b":{"0":[1,15],"1":[1],"2":[1,10],"3":[4,6],"4":[3,7],"5":[3,7],"6":[7,3],"7":[2,3],"8":[2,3],"9":[2,2]},"_coverageSchema":"1a1c01bbd47fc00a2c39e90264f33305004495a9","hash":"5ee7f4e44ef9a36a27fd894615a0d8a13ca02d1d"}
,"/Users/andrekolber/Documents/Code_Files/Springboard_SWE/express-jobly/models/job.js": {"path":"/Users/andrekolber/Documents/Code_Files/Springboard_SWE/express-jobly/models/job.js","statementMap":{"0":{"start":{"line":3,"column":11},"end":{"line":3,"column":27}},"1":{"start":{"line":4,"column":26},"end":{"line":4,"column":52}},"2":{"start":{"line":5,"column":32},"end":{"line":5,"column":57}},"3":{"start":{"line":18,"column":18},"end":{"line":23,"column":3}},"4":{"start":{"line":24,"column":12},"end":{"line":24,"column":27}},"5":{"start":{"line":26,"column":2},"end":{"line":26,"column":13}},"6":{"start":{"line":40,"column":14},"end":{"line":47,"column":80}},"7":{"start":{"line":48,"column":25},"end":{"line":48,"column":27}},"8":{"start":{"line":49,"column":20},"end":{"line":49,"column":22}},"9":{"start":{"line":54,"column":2},"end":{"line":57,"column":3}},"10":{"start":{"line":55,"column":3},"end":{"line":55,"column":31}},"11":{"start":{"line":56,"column":3},"end":{"line":56,"column":61}},"12":{"start":{"line":59,"column":2},"end":{"line":61,"column":3}},"13":{"start":{"line":60,"column":3},"end":{"line":60,"column":39}},"14":{"start":{"line":63,"column":2},"end":{"line":66,"column":3}},"15":{"start":{"line":64,"column":3},"end":{"line":64,"column":34}},"16":{"start":{"line":65,"column":3},"end":{"line":65,"column":63}},"17":{"start":{"line":68,"column":2},"end":{"line":70,"column":3}},"18":{"start":{"line":69,"column":3},"end":{"line":69,"column":55}},"19":{"start":{"line":74,"column":2},"end":{"line":74,"column":29}},"20":{"start":{"line":75,"column":18},"end":{"line":75,"column":52}},"21":{"start":{"line":76,"column":2},"end":{"line":76,"column":22}},"22":{"start":{"line":88,"column":17},"end":{"line":97,"column":3}},"23":{"start":{"line":99,"column":14},"end":{"line":99,"column":28}},"24":{"start":{"line":101,"column":2},"end":{"line":101,"column":53}},"25":{"start":{"line":101,"column":12},"end":{"line":101,"column":53}},"26":{"start":{"line":103,"column":23},"end":{"line":112,"column":3}},"27":{"start":{"line":114,"column":2},"end":{"line":114,"column":27}},"28":{"start":{"line":115,"column":2},"end":{"line":115,"column":37}},"29":{"start":{"line":117,"column":2},"end":{"line":117,"column":13}},"30":{"start":{"line":133,"column":30},"end":{"line":133,"column":59}},"31":{"start":{"line":134,"column":19},"end":{"line":134,"column":44}},"32":{"start":{"line":136,"column":19},"end":{"line":143,"column":66}},"33":{"start":{"line":144,"column":17},"end":{"line":144,"column":60}},"34":{"start":{"line":145,"column":14},"end":{"line":145,"column":28}},"35":{"start":{"line":147,"column":2},"end":{"line":147,"column":53}},"36":{"start":{"line":147,"column":12},"end":{"line":147,"column":53}},"37":{"start":{"line":149,"column":2},"end":{"line":149,"column":13}},"38":{"start":{"line":158,"column":17},"end":{"line":164,"column":3}},"39":{"start":{"line":165,"column":14},"end":{"line":165,"column":28}},"40":{"start":{"line":167,"column":2},"end":{"line":167,"column":53}},"41":{"start":{"line":167,"column":12},"end":{"line":167,"column":53}},"42":{"start":{"line":171,"column":0},"end":{"line":171,"column":21}}},"fnMap":{"0":{"name":"(anonymous_0)","decl":{"start":{"line":17,"column":1},"end":{"line":17,"column":2}},"loc":{"start":{"line":17,"column":27},"end":{"line":27,"column":2}},"line":17},"1":{"name":"(anonymous_1)","decl":{"start":{"line":39,"column":1},"end":{"line":39,"column":2}},"loc":{"start":{"line":39,"column":60},"end":{"line":77,"column":2}},"line":39},"2":{"name":"(anonymous_2)","decl":{"start":{"line":87,"column":1},"end":{"line":87,"column":2}},"loc":{"start":{"line":87,"column":22},"end":{"line":118,"column":2}},"line":87},"3":{"name":"(anonymous_3)","decl":{"start":{"line":132,"column":1},"end":{"line":132,"column":2}},"loc":{"start":{"line":132,"column":31},"end":{"line":150,"column":2}},"line":132},"4":{"name":"(anonymous_4)","decl":{"start":{"line":157,"column":1},"end":{"line":157,"column":2}},"loc":{"start":{"line":157,"column":25},"end":{"line":168,"column":2}},"line":157}},"branchMap":{"0":{"loc":{"start":{"line":39,"column":22},"end":{"line":39,"column":58}},"type":"default-arg","locations":[{"start":{"line":39,"column":56},"end":{"line":39,"column":58}}],"line":39},"1":{"loc":{"start":{"line":54,"column":2},"end":{"line":57,"column":3}},"type":"if","locations":[{"start":{"line":54,"column":2},"end":{"line":57,"column":3}},{"start":{},"end":{}}],"line":54},"2":{"loc":{"start":{"line":59,"column":2},"end":{"line":61,"column":3}},"type":"if","locations":[{"start":{"line":59,"column":2},"end":{"line":61,"column":3}},{"start":{},"end":{}}],"line":59},"3":{"loc":{"start":{"line":63,"column":2},"end":{"line":66,"column":3}},"type":"if","locations":[{"start":{"line":63,"column":2},"end":{"line":66,"column":3}},{"start":{},"end":{}}],"line":63},"4":{"loc":{"start":{"line":68,"column":2},"end":{"line":70,"column":3}},"type":"if","locations":[{"start":{"line":68,"column":2},"end":{"line":70,"column":3}},{"start":{},"end":{}}],"line":68},"5":{"loc":{"start":{"line":101,"column":2},"end":{"line":101,"column":53}},"type":"if","locations":[{"start":{"line":101,"column":2},"end":{"line":101,"column":53}},{"start":{},"end":{}}],"line":101},"6":{"loc":{"start":{"line":147,"column":2},"end":{"line":147,"column":53}},"type":"if","locations":[{"start":{"line":147,"column":2},"end":{"line":147,"column":53}},{"start":{},"end":{}}],"line":147},"7":{"loc":{"start":{"line":167,"column":2},"end":{"line":167,"column":53}},"type":"if","locations":[{"start":{"line":167,"column":2},"end":{"line":167,"column":53}},{"start":{},"end":{}}],"line":167}},"s":{"0":6,"1":6,"2":6,"3":14,"4":14,"5":14,"6":8,"7":8,"8":8,"9":8,"10":3,"11":3,"12":8,"13":3,"14":8,"15":2,"16":2,"17":8,"18":6,"19":8,"20":8,"21":8,"22":4,"23":4,"24":4,"25":2,"26":2,"27":2,"28":2,"29":2,"30":4,"31":3,"32":3,"33":3,"34":3,"35":3,"36":1,"37":2,"38":4,"39":4,"40":4,"41":2,"42":6},"f":{"0":14,"1":8,"2":4,"3":4,"4":4},"b":{"0":[1],"1":[3,5],"2":[3,5],"3":[2,6],"4":[6,2],"5":[2,2],"6":[1,2],"7":[2,2]},"_coverageSchema":"1a1c01bbd47fc00a2c39e90264f33305004495a9","hash":"ac73503f90aec51ed72cb406a2febeb2687339b2"}
,"/Users/andrekolber/Documents/Code_Files/Springboard_SWE/express-jobly/models/user.js": {"path":"/Users/andrekolber/Documents/Code_Files/Springboard_SWE/express-jobly/models/user.js","statementMap":{"0":{"start":{"line":3,"column":11},"end":{"line":3,"column":27}},"1":{"start":{"line":4,"column":15},"end":{"line":4,"column":32}},"2":{"start":{"line":5,"column":32},"end":{"line":5,"column":57}},"3":{"start":{"line":6,"column":62},"end":{"line":6,"column":88}},"4":{"start":{"line":8,"column":31},"end":{"line":8,"column":54}},"5":{"start":{"line":22,"column":17},"end":{"line":32,"column":3}},"6":{"start":{"line":34,"column":15},"end":{"line":34,"column":29}},"7":{"start":{"line":36,"column":2},"end":{"line":43,"column":3}},"8":{"start":{"line":38,"column":19},"end":{"line":38,"column":64}},"9":{"start":{"line":39,"column":3},"end":{"line":42,"column":4}},"10":{"start":{"line":40,"column":4},"end":{"line":40,"column":25}},"11":{"start":{"line":41,"column":4},"end":{"line":41,"column":16}},"12":{"start":{"line":45,"column":2},"end":{"line":45,"column":59}},"13":{"start":{"line":56,"column":25},"end":{"line":61,"column":3}},"14":{"start":{"line":63,"column":2},"end":{"line":65,"column":3}},"15":{"start":{"line":64,"column":3},"end":{"line":64,"column":64}},"16":{"start":{"line":67,"column":25},"end":{"line":67,"column":72}},"17":{"start":{"line":69,"column":17},"end":{"line":80,"column":3}},"18":{"start":{"line":82,"column":15},"end":{"line":82,"column":29}},"19":{"start":{"line":84,"column":2},"end":{"line":84,"column":14}},"20":{"start":{"line":93,"column":17},"end":{"line":101,"column":3}},"21":{"start":{"line":103,"column":2},"end":{"line":103,"column":21}},"22":{"start":{"line":115,"column":18},"end":{"line":124,"column":3}},"23":{"start":{"line":126,"column":15},"end":{"line":126,"column":30}},"24":{"start":{"line":128,"column":2},"end":{"line":128,"column":61}},"25":{"start":{"line":128,"column":13},"end":{"line":128,"column":61}},"26":{"start":{"line":130,"column":30},"end":{"line":135,"column":3}},"27":{"start":{"line":136,"column":2},"end":{"line":136,"column":68}},"28":{"start":{"line":136,"column":58},"end":{"line":136,"column":66}},"29":{"start":{"line":138,"column":2},"end":{"line":138,"column":14}},"30":{"start":{"line":159,"column":2},"end":{"line":161,"column":3}},"31":{"start":{"line":160,"column":3},"end":{"line":160,"column":72}},"32":{"start":{"line":163,"column":30},"end":{"line":167,"column":4}},"33":{"start":{"line":168,"column":25},"end":{"line":168,"column":50}},"34":{"start":{"line":170,"column":19},"end":{"line":177,"column":54}},"35":{"start":{"line":178,"column":17},"end":{"line":178,"column":66}},"36":{"start":{"line":179,"column":15},"end":{"line":179,"column":29}},"37":{"start":{"line":181,"column":2},"end":{"line":181,"column":61}},"38":{"start":{"line":181,"column":13},"end":{"line":181,"column":61}},"39":{"start":{"line":183,"column":2},"end":{"line":183,"column":23}},"40":{"start":{"line":184,"column":2},"end":{"line":184,"column":14}},"41":{"start":{"line":190,"column":15},"end":{"line":196,"column":3}},"42":{"start":{"line":197,"column":15},"end":{"line":197,"column":29}},"43":{"start":{"line":199,"column":2},"end":{"line":199,"column":61}},"44":{"start":{"line":199,"column":13},"end":{"line":199,"column":61}},"45":{"start":{"line":209,"column":19},"end":{"line":214,"column":3}},"46":{"start":{"line":215,"column":14},"end":{"line":215,"column":30}},"47":{"start":{"line":217,"column":2},"end":{"line":217,"column":56}},"48":{"start":{"line":217,"column":12},"end":{"line":217,"column":56}},"49":{"start":{"line":219,"column":20},"end":{"line":224,"column":3}},"50":{"start":{"line":225,"column":15},"end":{"line":225,"column":32}},"51":{"start":{"line":227,"column":2},"end":{"line":227,"column":65}},"52":{"start":{"line":227,"column":13},"end":{"line":227,"column":65}},"53":{"start":{"line":229,"column":2},"end":{"line":233,"column":4}},"54":{"start":{"line":237,"column":0},"end":{"line":237,"column":22}}},"fnMap":{"0":{"name":"(anonymous_0)","decl":{"start":{"line":20,"column":1},"end":{"line":20,"column":2}},"loc":{"start":{"line":20,"column":47},"end":{"line":46,"column":2}},"line":20},"1":{"name":"(anonymous_1)","decl":{"start":{"line":55,"column":1},"end":{"line":55,"column":2}},"loc":{"start":{"line":55,"column":84},"end":{"line":85,"column":2}},"line":55},"2":{"name":"(anonymous_2)","decl":{"start":{"line":92,"column":1},"end":{"line":92,"column":2}},"loc":{"start":{"line":92,"column":24},"end":{"line":104,"column":2}},"line":92},"3":{"name":"(anonymous_3)","decl":{"start":{"line":114,"column":1},"end":{"line":114,"column":2}},"loc":{"start":{"line":114,"column":28},"end":{"line":139,"column":2}},"line":114},"4":{"name":"(anonymous_4)","decl":{"start":{"line":136,"column":51},"end":{"line":136,"column":52}},"loc":{"start":{"line":136,"column":58},"end":{"line":136,"column":66}},"line":136},"5":{"name":"(anonymous_5)","decl":{"start":{"line":158,"column":1},"end":{"line":158,"column":2}},"loc":{"start":{"line":158,"column":37},"end":{"line":185,"column":2}},"line":158},"6":{"name":"(anonymous_6)","decl":{"start":{"line":189,"column":1},"end":{"line":189,"column":2}},"loc":{"start":{"line":189,"column":31},"end":{"line":200,"column":2}},"line":189},"7":{"name":"(anonymous_7)","decl":{"start":{"line":208,"column":1},"end":{"line":208,"column":2}},"loc":{"start":{"line":208,"column":42},"end":{"line":234,"column":2}},"line":208}},"branchMap":{"0":{"loc":{"start":{"line":36,"column":2},"end":{"line":43,"column":3}},"type":"if","locations":[{"start":{"line":36,"column":2},"end":{"line":43,"column":3}},{"start":{},"end":{}}],"line":36},"1":{"loc":{"start":{"line":39,"column":3},"end":{"line":42,"column":4}},"type":"if","locations":[{"start":{"line":39,"column":3},"end":{"line":42,"column":4}},{"start":{},"end":{}}],"line":39},"2":{"loc":{"start":{"line":63,"column":2},"end":{"line":65,"column":3}},"type":"if","locations":[{"start":{"line":63,"column":2},"end":{"line":65,"column":3}},{"start":{},"end":{}}],"line":63},"3":{"loc":{"start":{"line":128,"column":2},"end":{"line":128,"column":61}},"type":"if","locations":[{"start":{"line":128,"column":2},"end":{"line":128,"column":61}},{"start":{},"end":{}}],"line":128},"4":{"loc":{"start":{"line":159,"column":2},"end":{"line":161,"column":3}},"type":"if","locations":[{"start":{"line":159,"column":2},"end":{"line":161,"column":3}},{"start":{},"end":{}}],"line":159},"5":{"loc":{"start":{"line":181,"column":2},"end":{"line":181,"column":61}},"type":"if","locations":[{"start":{"line":181,"column":2},"end":{"line":181,"column":61}},{"start":{},"end":{}}],"line":181},"6":{"loc":{"start":{"line":199,"column":2},"end":{"line":199,"column":61}},"type":"if","locations":[{"start":{"line":199,"column":2},"end":{"line":199,"column":61}},{"start":{},"end":{}}],"line":199},"7":{"loc":{"start":{"line":217,"column":2},"end":{"line":217,"column":56}},"type":"if","locations":[{"start":{"line":217,"column":2},"end":{"line":217,"column":56}},{"start":{},"end":{}}],"line":217},"8":{"loc":{"start":{"line":227,"column":2},"end":{"line":227,"column":65}},"type":"if","locations":[{"start":{"line":227,"column":2},"end":{"line":227,"column":65}},{"start":{},"end":{}}],"line":227}},"s":{"0":6,"1":6,"2":6,"3":6,"4":6,"5":7,"6":7,"7":7,"8":4,"9":4,"10":3,"11":3,"12":4,"13":19,"14":19,"15":1,"16":18,"17":18,"18":18,"19":18,"20":3,"21":2,"22":5,"23":5,"24":5,"25":2,"26":3,"27":3,"28":3,"29":3,"30":8,"31":2,"32":8,"33":7,"34":7,"35":7,"36":7,"37":7,"38":2,"39":5,"40":5,"41":5,"42":5,"43":5,"44":2,"45":12,"46":12,"47":12,"48":3,"49":9,"50":9,"51":9,"52":2,"53":7,"54":6},"f":{"0":7,"1":19,"2":3,"3":5,"4":3,"5":8,"6":5,"7":12},"b":{"0":[4,3],"1":[3,1],"2":[1,18],"3":[2,3],"4":[2,6],"5":[2,5],"6":[2,3],"7":[3,9],"8":[2,7]},"_coverageSchema":"1a1c01bbd47fc00a2c39e90264f33305004495a9","hash":"7f8f552107db14abdf37834dd30091310a93d1bf"}
,"/Users/andrekolber/Documents/Code_Files/Springboard_SWE/express-jobly/routes/_testCommon.js": {"path":"/Users/andrekolber/Documents/Code_Files/Springboard_SWE/express-jobly/routes/_testCommon.js","statementMap":{"0":{"start":{"line":3,"column":11},"end":{"line":3,"column":30}},"1":{"start":{"line":4,"column":13},"end":{"line":4,"column":38}},"2":{"start":{"line":5,"column":16},"end":{"line":5,"column":44}},"3":{"start":{"line":6,"column":12},"end":{"line":6,"column":36}},"4":{"start":{"line":7,"column":24},"end":{"line":7,"column":52}},"5":{"start":{"line":9,"column":19},"end":{"line":9,"column":21}},"6":{"start":{"line":13,"column":1},"end":{"line":13,"column":37}},"7":{"start":{"line":15,"column":1},"end":{"line":15,"column":41}},"8":{"start":{"line":17,"column":1},"end":{"line":23,"column":4}},"9":{"start":{"line":24,"column":1},"end":{"line":30,"column":4}},"10":{"start":{"line":31,"column":1},"end":{"line":37,"column":4}},"11":{"start":{"line":39,"column":1},"end":{"line":39,"column":103}},"12":{"start":{"line":40,"column":1},"end":{"line":40,"column":103}},"13":{"start":{"line":41,"column":1},"end":{"line":41,"column":106}},"14":{"start":{"line":43,"column":1},"end":{"line":50,"column":4}},"15":{"start":{"line":51,"column":1},"end":{"line":58,"column":4}},"16":{"start":{"line":59,"column":1},"end":{"line":66,"column":4}},"17":{"start":{"line":68,"column":1},"end":{"line":68,"column":44}},"18":{"start":{"line":72,"column":1},"end":{"line":72,"column":25}},"19":{"start":{"line":76,"column":1},"end":{"line":76,"column":28}},"20":{"start":{"line":80,"column":1},"end":{"line":80,"column":16}},"21":{"start":{"line":83,"column":16},"end":{"line":83,"column":63}},"22":{"start":{"line":84,"column":16},"end":{"line":84,"column":63}},"23":{"start":{"line":85,"column":19},"end":{"line":85,"column":68}},"24":{"start":{"line":87,"column":0},"end":{"line":96,"column":2}}},"fnMap":{"0":{"name":"commonBeforeAll","decl":{"start":{"line":11,"column":15},"end":{"line":11,"column":30}},"loc":{"start":{"line":11,"column":33},"end":{"line":69,"column":1}},"line":11},"1":{"name":"commonBeforeEach","decl":{"start":{"line":71,"column":15},"end":{"line":71,"column":31}},"loc":{"start":{"line":71,"column":34},"end":{"line":73,"column":1}},"line":71},"2":{"name":"commonAfterEach","decl":{"start":{"line":75,"column":15},"end":{"line":75,"column":30}},"loc":{"start":{"line":75,"column":33},"end":{"line":77,"column":1}},"line":75},"3":{"name":"commonAfterAll","decl":{"start":{"line":79,"column":15},"end":{"line":79,"column":29}},"loc":{"start":{"line":79,"column":32},"end":{"line":81,"column":1}},"line":79}},"branchMap":{},"s":{"0":4,"1":4,"2":4,"3":4,"4":4,"5":4,"6":4,"7":4,"8":4,"9":4,"10":4,"11":4,"12":4,"13":4,"14":4,"15":4,"16":4,"17":4,"18":81,"19":81,"20":4,"21":4,"22":4,"23":4,"24":4},"f":{"0":4,"1":81,"2":81,"3":4},"b":{},"_coverageSchema":"1a1c01bbd47fc00a2c39e90264f33305004495a9","hash":"1020d83cb1538e45d354b8bc03aeb80d5da2ed4c"}
,"/Users/andrekolber/Documents/Code_Files/Springboard_SWE/express-jobly/routes/auth.js": {"path":"/Users/andrekolber/Documents/Code_Files/Springboard_SWE/express-jobly/routes/auth.js","statementMap":{"0":{"start":{"line":5,"column":19},"end":{"line":5,"column":40}},"1":{"start":{"line":7,"column":13},"end":{"line":7,"column":38}},"2":{"start":{"line":8,"column":16},"end":{"line":8,"column":34}},"3":{"start":{"line":9,"column":15},"end":{"line":9,"column":35}},"4":{"start":{"line":10,"column":24},"end":{"line":10,"column":52}},"5":{"start":{"line":11,"column":23},"end":{"line":11,"column":58}},"6":{"start":{"line":12,"column":27},"end":{"line":12,"column":66}},"7":{"start":{"line":13,"column":28},"end":{"line":13,"column":54}},"8":{"start":{"line":22,"column":0},"end":{"line":37,"column":3}},"9":{"start":{"line":23,"column":2},"end":{"line":36,"column":3}},"10":{"start":{"line":24,"column":22},"end":{"line":24,"column":67}},"11":{"start":{"line":25,"column":4},"end":{"line":28,"column":5}},"12":{"start":{"line":26,"column":19},"end":{"line":26,"column":53}},"13":{"start":{"line":26,"column":45},"end":{"line":26,"column":52}},"14":{"start":{"line":27,"column":6},"end":{"line":27,"column":38}},"15":{"start":{"line":30,"column":35},"end":{"line":30,"column":43}},"16":{"start":{"line":31,"column":17},"end":{"line":31,"column":60}},"17":{"start":{"line":32,"column":18},"end":{"line":32,"column":35}},"18":{"start":{"line":33,"column":4},"end":{"line":33,"column":31}},"19":{"start":{"line":35,"column":4},"end":{"line":35,"column":21}},"20":{"start":{"line":49,"column":0},"end":{"line":63,"column":3}},"21":{"start":{"line":50,"column":2},"end":{"line":62,"column":3}},"22":{"start":{"line":51,"column":22},"end":{"line":51,"column":71}},"23":{"start":{"line":52,"column":4},"end":{"line":55,"column":5}},"24":{"start":{"line":53,"column":19},"end":{"line":53,"column":53}},"25":{"start":{"line":53,"column":45},"end":{"line":53,"column":52}},"26":{"start":{"line":54,"column":6},"end":{"line":54,"column":38}},"27":{"start":{"line":57,"column":20},"end":{"line":57,"column":72}},"28":{"start":{"line":58,"column":18},"end":{"line":58,"column":38}},"29":{"start":{"line":59,"column":4},"end":{"line":59,"column":43}},"30":{"start":{"line":61,"column":4},"end":{"line":61,"column":21}},"31":{"start":{"line":66,"column":0},"end":{"line":66,"column":24}}},"fnMap":{"0":{"name":"(anonymous_0)","decl":{"start":{"line":22,"column":22},"end":{"line":22,"column":23}},"loc":{"start":{"line":22,"column":54},"end":{"line":37,"column":1}},"line":22},"1":{"name":"(anonymous_1)","decl":{"start":{"line":26,"column":40},"end":{"line":26,"column":41}},"loc":{"start":{"line":26,"column":45},"end":{"line":26,"column":52}},"line":26},"2":{"name":"(anonymous_2)","decl":{"start":{"line":49,"column":25},"end":{"line":49,"column":26}},"loc":{"start":{"line":49,"column":57},"end":{"line":63,"column":1}},"line":49},"3":{"name":"(anonymous_3)","decl":{"start":{"line":53,"column":40},"end":{"line":53,"column":41}},"loc":{"start":{"line":53,"column":45},"end":{"line":53,"column":52}},"line":53}},"branchMap":{"0":{"loc":{"start":{"line":25,"column":4},"end":{"line":28,"column":5}},"type":"if","locations":[{"start":{"line":25,"column":4},"end":{"line":28,"column":5}},{"start":{},"end":{}}],"line":25},"1":{"loc":{"start":{"line":52,"column":4},"end":{"line":55,"column":5}},"type":"if","locations":[{"start":{"line":52,"column":4},"end":{"line":55,"column":5}},{"start":{},"end":{}}],"line":52}},"s":{"0":5,"1":5,"2":5,"3":5,"4":5,"5":5,"6":5,"7":5,"8":5,"9":5,"10":5,"11":5,"12":2,"13":2,"14":2,"15":3,"16":3,"17":1,"18":1,"19":4,"20":5,"21":3,"22":3,"23":3,"24":2,"25":5,"26":2,"27":1,"28":1,"29":1,"30":2,"31":5},"f":{"0":5,"1":2,"2":3,"3":5},"b":{"0":[2,3],"1":[2,1]},"_coverageSchema":"1a1c01bbd47fc00a2c39e90264f33305004495a9","hash":"b3afdbda77a05addf003a68bd01725259a75054d"}
,"/Users/andrekolber/Documents/Code_Files/Springboard_SWE/express-jobly/routes/companies.js": {"path":"/Users/andrekolber/Documents/Code_Files/Springboard_SWE/express-jobly/routes/companies.js","statementMap":{"0":{"start":{"line":5,"column":19},"end":{"line":5,"column":40}},"1":{"start":{"line":6,"column":16},"end":{"line":6,"column":34}},"2":{"start":{"line":8,"column":28},"end":{"line":8,"column":54}},"3":{"start":{"line":9,"column":24},"end":{"line":9,"column":53}},"4":{"start":{"line":10,"column":16},"end":{"line":10,"column":44}},"5":{"start":{"line":12,"column":25},"end":{"line":12,"column":62}},"6":{"start":{"line":13,"column":28},"end":{"line":13,"column":68}},"7":{"start":{"line":14,"column":28},"end":{"line":14,"column":68}},"8":{"start":{"line":16,"column":15},"end":{"line":16,"column":35}},"9":{"start":{"line":27,"column":0},"end":{"line":40,"column":3}},"10":{"start":{"line":28,"column":1},"end":{"line":39,"column":2}},"11":{"start":{"line":29,"column":20},"end":{"line":29,"column":67}},"12":{"start":{"line":30,"column":2},"end":{"line":33,"column":3}},"13":{"start":{"line":31,"column":16},"end":{"line":31,"column":52}},"14":{"start":{"line":31,"column":44},"end":{"line":31,"column":51}},"15":{"start":{"line":32,"column":3},"end":{"line":32,"column":35}},"16":{"start":{"line":35,"column":18},"end":{"line":35,"column":48}},"17":{"start":{"line":36,"column":2},"end":{"line":36,"column":43}},"18":{"start":{"line":38,"column":2},"end":{"line":38,"column":19}},"19":{"start":{"line":53,"column":0},"end":{"line":71,"column":3}},"20":{"start":{"line":54,"column":11},"end":{"line":54,"column":20}},"21":{"start":{"line":56,"column":1},"end":{"line":56,"column":68}},"22":{"start":{"line":56,"column":35},"end":{"line":56,"column":68}},"23":{"start":{"line":57,"column":1},"end":{"line":57,"column":68}},"24":{"start":{"line":57,"column":35},"end":{"line":57,"column":68}},"25":{"start":{"line":59,"column":1},"end":{"line":70,"column":2}},"26":{"start":{"line":60,"column":20},"end":{"line":60,"column":63}},"27":{"start":{"line":61,"column":2},"end":{"line":64,"column":3}},"28":{"start":{"line":62,"column":16},"end":{"line":62,"column":52}},"29":{"start":{"line":62,"column":44},"end":{"line":62,"column":51}},"30":{"start":{"line":63,"column":3},"end":{"line":63,"column":35}},"31":{"start":{"line":66,"column":20},"end":{"line":66,"column":44}},"32":{"start":{"line":67,"column":2},"end":{"line":67,"column":33}},"33":{"start":{"line":69,"column":2},"end":{"line":69,"column":19}},"34":{"start":{"line":81,"column":0},"end":{"line":88,"column":3}},"35":{"start":{"line":82,"column":1},"end":{"line":87,"column":2}},"36":{"start":{"line":83,"column":18},"end":{"line":83,"column":54}},"37":{"start":{"line":84,"column":2},"end":{"line":84,"column":31}},"38":{"start":{"line":86,"column":2},"end":{"line":86,"column":19}},"39":{"start":{"line":101,"column":0},"end":{"line":114,"column":3}},"40":{"start":{"line":102,"column":1},"end":{"line":113,"column":2}},"41":{"start":{"line":103,"column":20},"end":{"line":103,"column":70}},"42":{"start":{"line":104,"column":2},"end":{"line":107,"column":3}},"43":{"start":{"line":105,"column":16},"end":{"line":105,"column":52}},"44":{"start":{"line":105,"column":44},"end":{"line":105,"column":51}},"45":{"start":{"line":106,"column":3},"end":{"line":106,"column":35}},"46":{"start":{"line":109,"column":18},"end":{"line":109,"column":67}},"47":{"start":{"line":110,"column":2},"end":{"line":110,"column":31}},"48":{"start":{"line":112,"column":2},"end":{"line":112,"column":19}},"49":{"start":{"line":121,"column":0},"end":{"line":128,"column":3}},"50":{"start":{"line":122,"column":1},"end":{"line":127,"column":2}},"51":{"start":{"line":123,"column":2},"end":{"line":123,"column":42}},"52":{"start":{"line":124,"column":2},"end":{"line":124,"column":50}},"53":{"start":{"line":126,"column":2},"end":{"line":126,"column":19}},"54":{"start":{"line":130,"column":0},"end":{"line":130,"column":24}}},"fnMap":{"0":{"name":"(anonymous_0)","decl":{"start":{"line":27,"column":30},"end":{"line":27,"column":31}},"loc":{"start":{"line":27,"column":61},"end":{"line":40,"column":1}},"line":27},"1":{"name":"(anonymous_1)","decl":{"start":{"line":31,"column":37},"end":{"line":31,"column":38}},"loc":{"start":{"line":31,"column":44},"end":{"line":31,"column":51}},"line":31},"2":{"name":"(anonymous_2)","decl":{"start":{"line":53,"column":16},"end":{"line":53,"column":17}},"loc":{"start":{"line":53,"column":47},"end":{"line":71,"column":1}},"line":53},"3":{"name":"(anonymous_3)","decl":{"start":{"line":62,"column":37},"end":{"line":62,"column":38}},"loc":{"start":{"line":62,"column":44},"end":{"line":62,"column":51}},"line":62},"4":{"name":"(anonymous_4)","decl":{"start":{"line":81,"column":23},"end":{"line":81,"column":24}},"loc":{"start":{"line":81,"column":54},"end":{"line":88,"column":1}},"line":81},"5":{"name":"(anonymous_5)","decl":{"start":{"line":101,"column":38},"end":{"line":101,"column":39}},"loc":{"start":{"line":101,"column":69},"end":{"line":114,"column":1}},"line":101},"6":{"name":"(anonymous_6)","decl":{"start":{"line":105,"column":37},"end":{"line":105,"column":38}},"loc":{"start":{"line":105,"column":44},"end":{"line":105,"column":51}},"line":105},"7":{"name":"(anonymous_7)","decl":{"start":{"line":121,"column":39},"end":{"line":121,"column":40}},"loc":{"start":{"line":121,"column":70},"end":{"line":128,"column":1}},"line":121}},"branchMap":{"0":{"loc":{"start":{"line":30,"column":2},"end":{"line":33,"column":3}},"type":"if","locations":[{"start":{"line":30,"column":2},"end":{"line":33,"column":3}},{"start":{},"end":{}}],"line":30},"1":{"loc":{"start":{"line":56,"column":1},"end":{"line":56,"column":68}},"type":"if","locations":[{"start":{"line":56,"column":1},"end":{"line":56,"column":68}},{"start":{},"end":{}}],"line":56},"2":{"loc":{"start":{"line":57,"column":1},"end":{"line":57,"column":68}},"type":"if","locations":[{"start":{"line":57,"column":1},"end":{"line":57,"column":68}},{"start":{},"end":{}}],"line":57},"3":{"loc":{"start":{"line":61,"column":2},"end":{"line":64,"column":3}},"type":"if","locations":[{"start":{"line":61,"column":2},"end":{"line":64,"column":3}},{"start":{},"end":{}}],"line":61},"4":{"loc":{"start":{"line":104,"column":2},"end":{"line":107,"column":3}},"type":"if","locations":[{"start":{"line":104,"column":2},"end":{"line":107,"column":3}},{"start":{},"end":{}}],"line":104}},"s":{"0":5,"1":5,"2":5,"3":5,"4":5,"5":5,"6":5,"7":5,"8":5,"9":5,"10":3,"11":3,"12":3,"13":2,"14":3,"15":2,"16":1,"17":1,"18":2,"19":5,"20":4,"21":4,"22":2,"23":4,"24":1,"25":4,"26":4,"27":4,"28":0,"29":0,"30":0,"31":4,"32":3,"33":1,"34":5,"35":3,"36":3,"37":2,"38":1,"39":5,"40":4,"41":4,"42":4,"43":2,"44":2,"45":2,"46":2,"47":1,"48":3,"49":5,"50":2,"51":2,"52":1,"53":1,"54":5},"f":{"0":3,"1":3,"2":4,"3":0,"4":3,"5":4,"6":2,"7":2},"b":{"0":[2,1],"1":[2,2],"2":[1,3],"3":[0,4],"4":[2,2]},"_coverageSchema":"1a1c01bbd47fc00a2c39e90264f33305004495a9","hash":"b4a966d22110dade7e7186629a2570a28989027c"}
,"/Users/andrekolber/Documents/Code_Files/Springboard_SWE/express-jobly/routes/jobs.js": {"path":"/Users/andrekolber/Documents/Code_Files/Springboard_SWE/express-jobly/routes/jobs.js","statementMap":{"0":{"start":{"line":5,"column":19},"end":{"line":5,"column":40}},"1":{"start":{"line":7,"column":16},"end":{"line":7,"column":34}},"2":{"start":{"line":8,"column":28},"end":{"line":8,"column":54}},"3":{"start":{"line":9,"column":24},"end":{"line":9,"column":53}},"4":{"start":{"line":10,"column":12},"end":{"line":10,"column":36}},"5":{"start":{"line":11,"column":21},"end":{"line":11,"column":54}},"6":{"start":{"line":12,"column":24},"end":{"line":12,"column":60}},"7":{"start":{"line":13,"column":24},"end":{"line":13,"column":60}},"8":{"start":{"line":15,"column":15},"end":{"line":15,"column":52}},"9":{"start":{"line":26,"column":0},"end":{"line":39,"column":3}},"10":{"start":{"line":27,"column":1},"end":{"line":38,"column":2}},"11":{"start":{"line":28,"column":20},"end":{"line":28,"column":63}},"12":{"start":{"line":29,"column":2},"end":{"line":32,"column":3}},"13":{"start":{"line":30,"column":16},"end":{"line":30,"column":52}},"14":{"start":{"line":30,"column":44},"end":{"line":30,"column":51}},"15":{"start":{"line":31,"column":3},"end":{"line":31,"column":35}},"16":{"start":{"line":34,"column":14},"end":{"line":34,"column":40}},"17":{"start":{"line":35,"column":2},"end":{"line":35,"column":39}},"18":{"start":{"line":37,"column":2},"end":{"line":37,"column":19}},"19":{"start":{"line":52,"column":0},"end":{"line":70,"column":3}},"20":{"start":{"line":53,"column":11},"end":{"line":53,"column":20}},"21":{"start":{"line":55,"column":1},"end":{"line":55,"column":59}},"22":{"start":{"line":55,"column":32},"end":{"line":55,"column":59}},"23":{"start":{"line":56,"column":1},"end":{"line":56,"column":38}},"24":{"start":{"line":58,"column":1},"end":{"line":69,"column":2}},"25":{"start":{"line":59,"column":20},"end":{"line":59,"column":59}},"26":{"start":{"line":60,"column":2},"end":{"line":63,"column":3}},"27":{"start":{"line":61,"column":16},"end":{"line":61,"column":52}},"28":{"start":{"line":61,"column":44},"end":{"line":61,"column":51}},"29":{"start":{"line":62,"column":3},"end":{"line":62,"column":35}},"30":{"start":{"line":65,"column":15},"end":{"line":65,"column":35}},"31":{"start":{"line":66,"column":2},"end":{"line":66,"column":28}},"32":{"start":{"line":68,"column":2},"end":{"line":68,"column":19}},"33":{"start":{"line":80,"column":0},"end":{"line":87,"column":3}},"34":{"start":{"line":81,"column":1},"end":{"line":86,"column":2}},"35":{"start":{"line":82,"column":14},"end":{"line":82,"column":42}},"36":{"start":{"line":83,"column":2},"end":{"line":83,"column":27}},"37":{"start":{"line":85,"column":2},"end":{"line":85,"column":19}},"38":{"start":{"line":98,"column":0},"end":{"line":111,"column":3}},"39":{"start":{"line":99,"column":1},"end":{"line":110,"column":2}},"40":{"start":{"line":100,"column":20},"end":{"line":100,"column":66}},"41":{"start":{"line":101,"column":2},"end":{"line":104,"column":3}},"42":{"start":{"line":102,"column":16},"end":{"line":102,"column":52}},"43":{"start":{"line":102,"column":44},"end":{"line":102,"column":51}},"44":{"start":{"line":103,"column":3},"end":{"line":103,"column":35}},"45":{"start":{"line":106,"column":14},"end":{"line":106,"column":55}},"46":{"start":{"line":107,"column":2},"end":{"line":107,"column":27}},"47":{"start":{"line":109,"column":2},"end":{"line":109,"column":19}},"48":{"start":{"line":118,"column":0},"end":{"line":125,"column":3}},"49":{"start":{"line":119,"column":1},"end":{"line":124,"column":2}},"50":{"start":{"line":120,"column":2},"end":{"line":120,"column":34}},"51":{"start":{"line":121,"column":2},"end":{"line":121,"column":47}},"52":{"start":{"line":123,"column":2},"end":{"line":123,"column":19}},"53":{"start":{"line":127,"column":0},"end":{"line":127,"column":24}}},"fnMap":{"0":{"name":"(anonymous_0)","decl":{"start":{"line":26,"column":30},"end":{"line":26,"column":31}},"loc":{"start":{"line":26,"column":56},"end":{"line":39,"column":1}},"line":26},"1":{"name":"(anonymous_1)","decl":{"start":{"line":30,"column":37},"end":{"line":30,"column":38}},"loc":{"start":{"line":30,"column":44},"end":{"line":30,"column":51}},"line":30},"2":{"name":"(anonymous_2)","decl":{"start":{"line":52,"column":16},"end":{"line":52,"column":17}},"loc":{"start":{"line":52,"column":42},"end":{"line":70,"column":1}},"line":52},"3":{"name":"(anonymous_3)","decl":{"start":{"line":61,"column":37},"end":{"line":61,"column":38}},"loc":{"start":{"line":61,"column":44},"end":{"line":61,"column":51}},"line":61},"4":{"name":"(anonymous_4)","decl":{"start":{"line":80,"column":19},"end":{"line":80,"column":20}},"loc":{"start":{"line":80,"column":45},"end":{"line":87,"column":1}},"line":80},"5":{"name":"(anonymous_5)","decl":{"start":{"line":98,"column":34},"end":{"line":98,"column":35}},"loc":{"start":{"line":98,"column":60},"end":{"line":111,"column":1}},"line":98},"6":{"name":"(anonymous_6)","decl":{"start":{"line":102,"column":37},"end":{"line":102,"column":38}},"loc":{"start":{"line":102,"column":44},"end":{"line":102,"column":51}},"line":102},"7":{"name":"(anonymous_7)","decl":{"start":{"line":118,"column":35},"end":{"line":118,"column":36}},"loc":{"start":{"line":118,"column":61},"end":{"line":125,"column":1}},"line":118}},"branchMap":{"0":{"loc":{"start":{"line":29,"column":2},"end":{"line":32,"column":3}},"type":"if","locations":[{"start":{"line":29,"column":2},"end":{"line":32,"column":3}},{"start":{},"end":{}}],"line":29},"1":{"loc":{"start":{"line":55,"column":1},"end":{"line":55,"column":59}},"type":"if","locations":[{"start":{"line":55,"column":1},"end":{"line":55,"column":59}},{"start":{},"end":{}}],"line":55},"2":{"loc":{"start":{"line":60,"column":2},"end":{"line":63,"column":3}},"type":"if","locations":[{"start":{"line":60,"column":2},"end":{"line":63,"column":3}},{"start":{},"end":{}}],"line":60},"3":{"loc":{"start":{"line":101,"column":2},"end":{"line":104,"column":3}},"type":"if","locations":[{"start":{"line":101,"column":2},"end":{"line":104,"column":3}},{"start":{},"end":{}}],"line":101}},"s":{"0":5,"1":5,"2":5,"3":5,"4":5,"5":5,"6":5,"7":5,"8":5,"9":5,"10":3,"11":3,"12":3,"13":2,"14":2,"15":2,"16":1,"17":1,"18":2,"19":5,"20":4,"21":4,"22":2,"23":4,"24":4,"25":4,"26":4,"27":1,"28":1,"29":1,"30":3,"31":3,"32":1,"33":5,"34":2,"35":2,"36":1,"37":1,"38":5,"39":4,"40":4,"41":4,"42":3,"43":6,"44":3,"45":1,"46":1,"47":3,"48":5,"49":2,"50":2,"51":1,"52":1,"53":5},"f":{"0":3,"1":2,"2":4,"3":1,"4":2,"5":4,"6":6,"7":2},"b":{"0":[2,1],"1":[2,2],"2":[1,3],"3":[3,1]},"_coverageSchema":"1a1c01bbd47fc00a2c39e90264f33305004495a9","hash":"d509391af68314ff9c56401c265ad1e3a02dbd49"}
,"/Users/andrekolber/Documents/Code_Files/Springboard_SWE/express-jobly/routes/users.js": {"path":"/Users/andrekolber/Documents/Code_Files/Springboard_SWE/express-jobly/routes/users.js","statementMap":{"0":{"start":{"line":5,"column":19},"end":{"line":5,"column":40}},"1":{"start":{"line":7,"column":16},"end":{"line":7,"column":34}},"2":{"start":{"line":8,"column":66},"end":{"line":8,"column":95}},"3":{"start":{"line":9,"column":28},"end":{"line":9,"column":54}},"4":{"start":{"line":10,"column":13},"end":{"line":10,"column":38}},"5":{"start":{"line":11,"column":24},"end":{"line":11,"column":52}},"6":{"start":{"line":12,"column":22},"end":{"line":12,"column":56}},"7":{"start":{"line":13,"column":25},"end":{"line":13,"column":62}},"8":{"start":{"line":15,"column":15},"end":{"line":15,"column":31}},"9":{"start":{"line":29,"column":0},"end":{"line":43,"column":3}},"10":{"start":{"line":30,"column":1},"end":{"line":42,"column":2}},"11":{"start":{"line":31,"column":20},"end":{"line":31,"column":64}},"12":{"start":{"line":32,"column":2},"end":{"line":35,"column":3}},"13":{"start":{"line":33,"column":16},"end":{"line":33,"column":52}},"14":{"start":{"line":33,"column":44},"end":{"line":33,"column":51}},"15":{"start":{"line":34,"column":3},"end":{"line":34,"column":35}},"16":{"start":{"line":37,"column":15},"end":{"line":37,"column":44}},"17":{"start":{"line":38,"column":16},"end":{"line":38,"column":33}},"18":{"start":{"line":39,"column":2},"end":{"line":39,"column":47}},"19":{"start":{"line":41,"column":2},"end":{"line":41,"column":19}},"20":{"start":{"line":52,"column":0},"end":{"line":59,"column":3}},"21":{"start":{"line":53,"column":1},"end":{"line":58,"column":2}},"22":{"start":{"line":54,"column":16},"end":{"line":54,"column":36}},"23":{"start":{"line":55,"column":2},"end":{"line":55,"column":29}},"24":{"start":{"line":57,"column":2},"end":{"line":57,"column":19}},"25":{"start":{"line":68,"column":0},"end":{"line":75,"column":3}},"26":{"start":{"line":69,"column":1},"end":{"line":74,"column":2}},"27":{"start":{"line":70,"column":15},"end":{"line":70,"column":50}},"28":{"start":{"line":71,"column":2},"end":{"line":71,"column":28}},"29":{"start":{"line":73,"column":2},"end":{"line":73,"column":19}},"30":{"start":{"line":87,"column":0},"end":{"line":100,"column":3}},"31":{"start":{"line":88,"column":1},"end":{"line":99,"column":2}},"32":{"start":{"line":89,"column":20},"end":{"line":89,"column":67}},"33":{"start":{"line":90,"column":2},"end":{"line":93,"column":3}},"34":{"start":{"line":91,"column":16},"end":{"line":91,"column":52}},"35":{"start":{"line":91,"column":44},"end":{"line":91,"column":51}},"36":{"start":{"line":92,"column":3},"end":{"line":92,"column":35}},"37":{"start":{"line":95,"column":15},"end":{"line":95,"column":63}},"38":{"start":{"line":96,"column":2},"end":{"line":96,"column":28}},"39":{"start":{"line":98,"column":2},"end":{"line":98,"column":19}},"40":{"start":{"line":107,"column":0},"end":{"line":114,"column":3}},"41":{"start":{"line":108,"column":1},"end":{"line":113,"column":2}},"42":{"start":{"line":109,"column":2},"end":{"line":109,"column":41}},"43":{"start":{"line":110,"column":2},"end":{"line":110,"column":52}},"44":{"start":{"line":112,"column":2},"end":{"line":112,"column":19}},"45":{"start":{"line":123,"column":0},"end":{"line":131,"column":3}},"46":{"start":{"line":124,"column":1},"end":{"line":130,"column":2}},"47":{"start":{"line":125,"column":16},"end":{"line":125,"column":30}},"48":{"start":{"line":126,"column":2},"end":{"line":126,"column":52}},"49":{"start":{"line":127,"column":2},"end":{"line":127,"column":38}},"50":{"start":{"line":129,"column":2},"end":{"line":129,"column":19}},"51":{"start":{"line":133,"column":0},"end":{"line":133,"column":24}}},"fnMap":{"0":{"name":"(anonymous_0)","decl":{"start":{"line":29,"column":30},"end":{"line":29,"column":31}},"loc":{"start":{"line":29,"column":61},"end":{"line":43,"column":1}},"line":29},"1":{"name":"(anonymous_1)","decl":{"start":{"line":33,"column":37},"end":{"line":33,"column":38}},"loc":{"start":{"line":33,"column":44},"end":{"line":33,"column":51}},"line":33},"2":{"name":"(anonymous_2)","decl":{"start":{"line":52,"column":29},"end":{"line":52,"column":30}},"loc":{"start":{"line":52,"column":60},"end":{"line":59,"column":1}},"line":52},"3":{"name":"(anonymous_3)","decl":{"start":{"line":68,"column":51},"end":{"line":68,"column":52}},"loc":{"start":{"line":68,"column":82},"end":{"line":75,"column":1}},"line":68},"4":{"name":"(anonymous_4)","decl":{"start":{"line":87,"column":53},"end":{"line":87,"column":54}},"loc":{"start":{"line":87,"column":84},"end":{"line":100,"column":1}},"line":87},"5":{"name":"(anonymous_5)","decl":{"start":{"line":91,"column":37},"end":{"line":91,"column":38}},"loc":{"start":{"line":91,"column":44},"end":{"line":91,"column":51}},"line":91},"6":{"name":"(anonymous_6)","decl":{"start":{"line":107,"column":54},"end":{"line":107,"column":55}},"loc":{"start":{"line":107,"column":85},"end":{"line":114,"column":1}},"line":107},"7":{"name":"(anonymous_7)","decl":{"start":{"line":123,"column":61},"end":{"line":123,"column":62}},"loc":{"start":{"line":123,"column":87},"end":{"line":131,"column":1}},"line":123}},"branchMap":{"0":{"loc":{"start":{"line":32,"column":2},"end":{"line":35,"column":3}},"type":"if","locations":[{"start":{"line":32,"column":2},"end":{"line":35,"column":3}},{"start":{},"end":{}}],"line":32},"1":{"loc":{"start":{"line":90,"column":2},"end":{"line":93,"column":3}},"type":"if","locations":[{"start":{"line":90,"column":2},"end":{"line":93,"column":3}},{"start":{},"end":{}}],"line":90}},"s":{"0":5,"1":5,"2":5,"3":5,"4":5,"5":5,"6":5,"7":5,"8":5,"9":5,"10":4,"11":4,"12":4,"13":2,"14":5,"15":2,"16":2,"17":2,"18":2,"19":2,"20":5,"21":2,"22":2,"23":1,"24":1,"25":5,"26":3,"27":3,"28":2,"29":1,"30":5,"31":5,"32":5,"33":5,"34":1,"35":1,"36":1,"37":4,"38":3,"39":2,"40":5,"41":3,"42":3,"43":2,"44":1,"45":5,"46":5,"47":5,"48":5,"49":2,"50":3,"51":5},"f":{"0":4,"1":5,"2":2,"3":3,"4":5,"5":1,"6":3,"7":5},"b":{"0":[2,2],"1":[1,4]},"_coverageSchema":"1a1c01bbd47fc00a2c39e90264f33305004495a9","hash":"ec6966e95eb328896e6fd5222c7a85decbdce563"}
}
