TN:
SF:app.js
FN:31,(anonymous_0)
FN:36,(anonymous_1)
FNF:2
FNH:2
FNDA:2,(anonymous_0)
FNDA:54,(anonymous_1)
DA:5,5
DA:6,5
DA:8,5
DA:10,5
DA:11,5
DA:12,5
DA:13,5
DA:14,5
DA:16,5
DA:18,5
DA:20,5
DA:21,5
DA:22,5
DA:23,5
DA:25,5
DA:26,5
DA:27,5
DA:28,5
DA:31,5
DA:32,2
DA:36,5
DA:37,54
DA:38,54
DA:39,54
DA:41,54
DA:46,5
LF:26
LH:26
BRDA:37,0,0,1
BRDA:37,0,1,53
BRDA:38,1,0,54
BRDA:38,1,1,2
BRF:4
BRH:4
end_of_record
TN:
SF:config.js
FN:13,getDatabaseUri
FNF:1
FNH:1
FNDA:22,getDatabaseUri
DA:5,11
DA:6,11
DA:8,11
DA:10,11
DA:14,22
DA:22,11
DA:24,11
DA:25,11
DA:26,11
DA:27,11
DA:28,11
DA:29,11
DA:31,11
LF:13
LH:13
BRDA:8,0,0,11
BRDA:8,0,1,10
BRDA:10,1,0,11
BRDA:10,1,1,10
BRDA:14,2,0,19
BRDA:14,2,1,3
BRDA:16,3,0,3
BRDA:16,3,1,1
BRDA:22,4,0,10
BRDA:22,4,1,1
BRF:10
BRH:10
end_of_record
TN:
SF:db.js
FNF:0
FNH:0
DA:3,8
DA:4,8
DA:8,8
DA:9,0
DA:16,8
DA:21,8
DA:23,8
LF:7
LH:6
BRDA:8,0,0,0
BRDA:8,0,1,8
BRF:2
BRH:1
end_of_record
TN:
SF:expressError.js
FN:8,(anonymous_0)
FN:18,(anonymous_1)
FN:26,(anonymous_2)
FN:34,(anonymous_3)
FN:42,(anonymous_4)
FNF:5
FNH:4
FNDA:77,(anonymous_0)
FNDA:24,(anonymous_1)
FNDA:29,(anonymous_2)
FNDA:24,(anonymous_3)
FNDA:0,(anonymous_4)
DA:9,77
DA:10,77
DA:11,77
DA:19,24
DA:27,29
DA:35,24
DA:43,0
DA:47,10
LF:8
LH:7
BRDA:18,0,0,2
BRDA:26,1,0,25
BRDA:34,2,0,0
BRDA:42,3,0,0
BRF:4
BRH:2
end_of_record
TN:
SF:helpers/sql.js
FN:16,sqlForPartialUpdate
FN:21,(anonymous_1)
FNF:2
FNH:2
FNDA:20,sqlForPartialUpdate
FNDA:33,(anonymous_1)
DA:1,9
DA:17,20
DA:18,20
DA:21,33
DA:23,16
DA:29,9
LF:6
LH:6
BRDA:18,0,0,4
BRDA:18,0,1,16
BRDA:21,1,0,33
BRDA:21,1,1,18
BRF:4
BRH:4
end_of_record
TN:
SF:helpers/tokens.js
FN:6,createToken
FNF:1
FNH:1
FNDA:19,createToken
DA:1,6
DA:2,6
DA:7,19
DA:10,19
DA:15,19
DA:18,6
LF:6
LH:6
BRDA:12,0,0,19
BRDA:12,0,1,13
BRF:2
BRH:2
end_of_record
TN:
SF:middleware/auth.js
FN:17,authenticateJWT
FN:35,ensureLoggedIn
FN:49,ensureAdmin
FN:66,ensureCorrectUserOrAdmin
FNF:4
FNH:4
FNDA:86,authenticateJWT
FNDA:2,ensureLoggedIn
FNDA:39,ensureAdmin
FNDA:28,ensureCorrectUserOrAdmin
DA:5,6
DA:6,6
DA:7,6
DA:18,86
DA:19,86
DA:20,86
DA:21,55
DA:22,55
DA:24,85
DA:26,1
DA:36,2
DA:37,2
DA:38,1
DA:40,1
DA:50,39
DA:51,39
DA:52,14
DA:54,25
DA:56,14
DA:67,28
DA:68,28
DA:69,28
DA:70,10
DA:72,18
DA:74,10
DA:78,6
LF:26
LH:26
BRDA:19,0,0,86
BRDA:19,0,1,85
BRDA:20,1,0,55
BRDA:20,1,1,31
BRDA:37,2,0,1
BRDA:37,2,1,1
BRDA:51,3,0,14
BRDA:51,3,1,25
BRDA:51,4,0,39
BRDA:51,4,1,34
BRDA:69,5,0,10
BRDA:69,5,1,18
BRDA:69,6,0,28
BRDA:69,6,1,23
BRDA:69,6,2,10
BRF:15
BRH:15
end_of_record
TN:
SF:models/_testCommon.js
FN:8,commonBeforeAll
FN:27,(anonymous_1)
FN:50,commonBeforeEach
FN:54,commonAfterEach
FN:58,commonAfterAll
FNF:5
FNH:5
FNDA:3,commonBeforeAll
FNDA:12,(anonymous_1)
FNDA:48,commonBeforeEach
FNDA:48,commonAfterEach
FNDA:3,commonAfterAll
DA:1,3
DA:3,3
DA:4,3
DA:6,3
DA:10,3
DA:12,3
DA:14,3
DA:20,3
DA:27,12
DA:29,3
DA:42,3
DA:51,48
DA:55,48
DA:59,3
DA:62,3
LF:15
LH:15
BRF:0
BRH:0
end_of_record
TN:
SF:models/company.js
FN:19,(anonymous_0)
FN:51,(anonymous_1)
FN:104,(anonymous_2)
FN:135,(anonymous_3)
FN:163,(anonymous_4)
FNF:5
FNH:5
FNDA:16,(anonymous_0)
FNDA:11,(anonymous_1)
FNDA:5,(anonymous_2)
FNDA:6,(anonymous_3)
FNDA:4,(anonymous_4)
DA:3,6
DA:4,6
DA:5,6
DA:20,16
DA:27,16
DA:29,15
DA:36,15
DA:38,15
DA:52,11
DA:58,11
DA:59,11
DA:61,11
DA:63,11
DA:64,1
DA:70,10
DA:71,4
DA:72,4
DA:75,10
DA:76,3
DA:77,3
DA:80,10
DA:81,3
DA:82,3
DA:85,10
DA:86,7
DA:91,10
DA:92,10
DA:93,9
DA:105,5
DA:116,5
DA:118,5
DA:120,3
DA:136,6
DA:140,5
DA:142,5
DA:150,5
DA:151,5
DA:153,5
DA:155,3
DA:164,4
DA:171,4
DA:173,4
DA:177,6
LF:43
LH:43
BRDA:27,0,0,1
BRDA:27,0,1,15
BRDA:51,1,0,1
BRDA:63,2,0,1
BRDA:63,2,1,10
BRDA:70,3,0,4
BRDA:70,3,1,6
BRDA:75,4,0,3
BRDA:75,4,1,7
BRDA:80,5,0,3
BRDA:80,5,1,7
BRDA:85,6,0,7
BRDA:85,6,1,3
BRDA:118,7,0,2
BRDA:118,7,1,3
BRDA:153,8,0,2
BRDA:153,8,1,3
BRDA:173,9,0,2
BRDA:173,9,1,2
BRF:19
BRH:19
end_of_record
TN:
SF:models/job.js
FN:17,(anonymous_0)
FN:39,(anonymous_1)
FN:87,(anonymous_2)
FN:132,(anonymous_3)
FN:157,(anonymous_4)
FNF:5
FNH:5
FNDA:14,(anonymous_0)
FNDA:8,(anonymous_1)
FNDA:4,(anonymous_2)
FNDA:4,(anonymous_3)
FNDA:4,(anonymous_4)
DA:3,6
DA:4,6
DA:5,6
DA:18,14
DA:24,14
DA:26,14
DA:40,8
DA:48,8
DA:49,8
DA:54,8
DA:55,3
DA:56,3
DA:59,8
DA:60,3
DA:63,8
DA:64,2
DA:65,2
DA:68,8
DA:69,6
DA:74,8
DA:75,8
DA:76,8
DA:88,4
DA:99,4
DA:101,4
DA:103,2
DA:114,2
DA:115,2
DA:117,2
DA:133,4
DA:134,3
DA:136,3
DA:144,3
DA:145,3
DA:147,3
DA:149,2
DA:158,4
DA:165,4
DA:167,4
DA:171,6
LF:40
LH:40
BRDA:39,0,0,1
BRDA:54,1,0,3
BRDA:54,1,1,5
BRDA:59,2,0,3
BRDA:59,2,1,5
BRDA:63,3,0,2
BRDA:63,3,1,6
BRDA:68,4,0,6
BRDA:68,4,1,2
BRDA:101,5,0,2
BRDA:101,5,1,2
BRDA:147,6,0,1
BRDA:147,6,1,2
BRDA:167,7,0,2
BRDA:167,7,1,2
BRF:15
BRH:15
end_of_record
TN:
SF:models/user.js
FN:20,(anonymous_0)
FN:55,(anonymous_1)
FN:92,(anonymous_2)
FN:114,(anonymous_3)
FN:136,(anonymous_4)
FN:158,(anonymous_5)
FN:189,(anonymous_6)
FN:208,(anonymous_7)
FNF:8
FNH:8
FNDA:7,(anonymous_0)
FNDA:19,(anonymous_1)
FNDA:3,(anonymous_2)
FNDA:5,(anonymous_3)
FNDA:3,(anonymous_4)
FNDA:8,(anonymous_5)
FNDA:5,(anonymous_6)
FNDA:12,(anonymous_7)
DA:3,6
DA:4,6
DA:5,6
DA:6,6
DA:8,6
DA:22,7
DA:34,7
DA:36,7
DA:38,4
DA:39,4
DA:40,3
DA:41,3
DA:45,4
DA:56,19
DA:63,19
DA:64,1
DA:67,18
DA:69,18
DA:82,18
DA:84,18
DA:93,3
DA:103,2
DA:115,5
DA:126,5
DA:128,5
DA:130,3
DA:136,3
DA:138,3
DA:159,8
DA:160,2
DA:163,8
DA:168,7
DA:170,7
DA:178,7
DA:179,7
DA:181,7
DA:183,5
DA:184,5
DA:190,5
DA:197,5
DA:199,5
DA:209,12
DA:215,12
DA:217,12
DA:219,9
DA:225,9
DA:227,9
DA:229,7
DA:237,6
LF:49
LH:49
BRDA:36,0,0,4
BRDA:36,0,1,3
BRDA:39,1,0,3
BRDA:39,1,1,1
BRDA:63,2,0,1
BRDA:63,2,1,18
BRDA:128,3,0,2
BRDA:128,3,1,3
BRDA:159,4,0,2
BRDA:159,4,1,6
BRDA:181,5,0,2
BRDA:181,5,1,5
BRDA:199,6,0,2
BRDA:199,6,1,3
BRDA:217,7,0,3
BRDA:217,7,1,9
BRDA:227,8,0,2
BRDA:227,8,1,7
BRF:18
BRH:18
end_of_record
TN:
SF:routes/_testCommon.js
FN:11,commonBeforeAll
FN:71,commonBeforeEach
FN:75,commonAfterEach
FN:79,commonAfterAll
FNF:4
FNH:4
FNDA:4,commonBeforeAll
FNDA:81,commonBeforeEach
FNDA:81,commonAfterEach
FNDA:4,commonAfterAll
DA:3,4
DA:4,4
DA:5,4
DA:6,4
DA:7,4
DA:9,4
DA:13,4
DA:15,4
DA:17,4
DA:24,4
DA:31,4
DA:39,4
DA:40,4
DA:41,4
DA:43,4
DA:51,4
DA:59,4
DA:68,4
DA:72,81
DA:76,81
DA:80,4
DA:83,4
DA:84,4
DA:85,4
DA:87,4
LF:25
LH:25
BRF:0
BRH:0
end_of_record
TN:
SF:routes/auth.js
FN:22,(anonymous_0)
FN:26,(anonymous_1)
FN:49,(anonymous_2)
FN:53,(anonymous_3)
FNF:4
FNH:4
FNDA:5,(anonymous_0)
FNDA:2,(anonymous_1)
FNDA:3,(anonymous_2)
FNDA:5,(anonymous_3)
DA:5,5
DA:7,5
DA:8,5
DA:9,5
DA:10,5
DA:11,5
DA:12,5
DA:13,5
DA:22,5
DA:23,5
DA:24,5
DA:25,5
DA:26,2
DA:27,2
DA:30,3
DA:31,3
DA:32,1
DA:33,1
DA:35,4
DA:49,5
DA:50,3
DA:51,3
DA:52,3
DA:53,5
DA:54,2
DA:57,1
DA:58,1
DA:59,1
DA:61,2
DA:66,5
LF:30
LH:30
BRDA:25,0,0,2
BRDA:25,0,1,3
BRDA:52,1,0,2
BRDA:52,1,1,1
BRF:4
BRH:4
end_of_record
TN:
SF:routes/companies.js
FN:27,(anonymous_0)
FN:31,(anonymous_1)
FN:53,(anonymous_2)
FN:62,(anonymous_3)
FN:81,(anonymous_4)
FN:101,(anonymous_5)
FN:105,(anonymous_6)
FN:121,(anonymous_7)
FNF:8
FNH:7
FNDA:3,(anonymous_0)
FNDA:3,(anonymous_1)
FNDA:4,(anonymous_2)
FNDA:0,(anonymous_3)
FNDA:3,(anonymous_4)
FNDA:4,(anonymous_5)
FNDA:2,(anonymous_6)
FNDA:2,(anonymous_7)
DA:5,5
DA:6,5
DA:8,5
DA:9,5
DA:10,5
DA:12,5
DA:13,5
DA:14,5
DA:16,5
DA:27,5
DA:28,3
DA:29,3
DA:30,3
DA:31,3
DA:32,2
DA:35,1
DA:36,1
DA:38,2
DA:53,5
DA:54,4
DA:56,4
DA:57,4
DA:59,4
DA:60,4
DA:61,4
DA:62,0
DA:63,0
DA:66,4
DA:67,3
DA:69,1
DA:81,5
DA:82,3
DA:83,3
DA:84,2
DA:86,1
DA:101,5
DA:102,4
DA:103,4
DA:104,4
DA:105,2
DA:106,2
DA:109,2
DA:110,1
DA:112,3
DA:121,5
DA:122,2
DA:123,2
DA:124,1
DA:126,1
DA:130,5
LF:50
LH:48
BRDA:30,0,0,2
BRDA:30,0,1,1
BRDA:56,1,0,2
BRDA:56,1,1,2
BRDA:57,2,0,1
BRDA:57,2,1,3
BRDA:61,3,0,0
BRDA:61,3,1,4
BRDA:104,4,0,2
BRDA:104,4,1,2
BRF:10
BRH:9
end_of_record
TN:
SF:routes/jobs.js
FN:26,(anonymous_0)
FN:30,(anonymous_1)
FN:52,(anonymous_2)
FN:61,(anonymous_3)
FN:80,(anonymous_4)
FN:98,(anonymous_5)
FN:102,(anonymous_6)
FN:118,(anonymous_7)
FNF:8
FNH:8
FNDA:3,(anonymous_0)
FNDA:2,(anonymous_1)
FNDA:4,(anonymous_2)
FNDA:1,(anonymous_3)
FNDA:2,(anonymous_4)
FNDA:4,(anonymous_5)
FNDA:6,(anonymous_6)
FNDA:2,(anonymous_7)
DA:5,5
DA:7,5
DA:8,5
DA:9,5
DA:10,5
DA:11,5
DA:12,5
DA:13,5
DA:15,5
DA:26,5
DA:27,3
DA:28,3
DA:29,3
DA:30,2
DA:31,2
DA:34,1
DA:35,1
DA:37,2
DA:52,5
DA:53,4
DA:55,4
DA:56,4
DA:58,4
DA:59,4
DA:60,4
DA:61,1
DA:62,1
DA:65,3
DA:66,3
DA:68,1
DA:80,5
DA:81,2
DA:82,2
DA:83,1
DA:85,1
DA:98,5
DA:99,4
DA:100,4
DA:101,4
DA:102,6
DA:103,3
DA:106,1
DA:107,1
DA:109,3
DA:118,5
DA:119,2
DA:120,2
DA:121,1
DA:123,1
DA:127,5
LF:50
LH:50
BRDA:29,0,0,2
BRDA:29,0,1,1
BRDA:55,1,0,2
BRDA:55,1,1,2
BRDA:60,2,0,1
BRDA:60,2,1,3
BRDA:101,3,0,3
BRDA:101,3,1,1
BRF:8
BRH:8
end_of_record
TN:
SF:routes/users.js
FN:29,(anonymous_0)
FN:33,(anonymous_1)
FN:52,(anonymous_2)
FN:68,(anonymous_3)
FN:87,(anonymous_4)
FN:91,(anonymous_5)
FN:107,(anonymous_6)
FN:123,(anonymous_7)
FNF:8
FNH:8
FNDA:4,(anonymous_0)
FNDA:5,(anonymous_1)
FNDA:2,(anonymous_2)
FNDA:3,(anonymous_3)
FNDA:5,(anonymous_4)
FNDA:1,(anonymous_5)
FNDA:3,(anonymous_6)
FNDA:5,(anonymous_7)
DA:5,5
DA:7,5
DA:8,5
DA:9,5
DA:10,5
DA:11,5
DA:12,5
DA:13,5
DA:15,5
DA:29,5
DA:30,4
DA:31,4
DA:32,4
DA:33,5
DA:34,2
DA:37,2
DA:38,2
DA:39,2
DA:41,2
DA:52,5
DA:53,2
DA:54,2
DA:55,1
DA:57,1
DA:68,5
DA:69,3
DA:70,3
DA:71,2
DA:73,1
DA:87,5
DA:88,5
DA:89,5
DA:90,5
DA:91,1
DA:92,1
DA:95,4
DA:96,3
DA:98,2
DA:107,5
DA:108,3
DA:109,3
DA:110,2
DA:112,1
DA:123,5
DA:124,5
DA:125,5
DA:126,5
DA:127,2
DA:129,3
DA:133,5
LF:50
LH:50
BRDA:32,0,0,2
BRDA:32,0,1,2
BRDA:90,1,0,1
BRDA:90,1,1,4
BRF:4
BRH:4
end_of_record
